[0.130s] DEBUG:colcon:Command line arguments: ['/usr/bin/colcon', 'list', '-p', '--base-paths', '/home/gib/Documents/Vives/project_xp/ros2thumper']
[0.130s] DEBUG:colcon:Parsed command line arguments: Namespace(log_base=None, log_level=None, verb_name='list', build_base='build', ignore_user_meta=False, metas=['./colcon.meta'], base_paths=['/home/gib/Documents/Vives/project_xp/ros2thumper'], packages_ignore=None, packages_ignore_regex=None, paths=None, packages_up_to=None, packages_up_to_regex=None, packages_above=None, packages_above_and_dependencies=None, packages_above_depth=None, packages_select_by_dep=None, packages_skip_by_dep=None, packages_skip_up_to=None, packages_select_build_failed=False, packages_skip_build_finished=False, packages_select_test_failures=False, packages_skip_test_passed=False, packages_select=None, packages_skip=None, packages_select_regex=None, packages_skip_regex=None, packages_start=None, packages_end=None, allow_overriding=[], topological_order=False, names_only=False, paths_only=True, topological_graph=False, topological_graph_dot=False, topological_graph_density=False, topological_graph_legend=False, topological_graph_dot_cluster=False, topological_graph_dot_include_skipped=False, verb_parser=<colcon_defaults.argument_parser.defaults.DefaultArgumentsDecorator object at 0x7f0c94109150>, verb_extension=<colcon_package_information.verb.list.ListVerb object at 0x7f0c940d3f70>, main=<bound method ListVerb.main of <colcon_package_information.verb.list.ListVerb object at 0x7f0c940d3f70>>)
[0.159s] Level 1:colcon.colcon_core.package_discovery:discover_packages(colcon_meta) check parameters
[0.159s] Level 1:colcon.colcon_core.package_discovery:discover_packages(recursive) check parameters
[0.159s] Level 1:colcon.colcon_core.package_discovery:discover_packages(ignore) check parameters
[0.159s] Level 1:colcon.colcon_core.package_discovery:discover_packages(path) check parameters
[0.159s] Level 1:colcon.colcon_core.package_discovery:discover_packages(recursive) discover
[0.160s] INFO:colcon.colcon_core.package_discovery:Crawling recursively for packages in '/home/gib/Documents/Vives/project_xp/ros2thumper'
[0.160s] Level 1:colcon.colcon_core.package_identification:_identify(/home/gib/Documents/Vives/project_xp/ros2thumper) by extensions ['ignore', 'ignore_ament_install']
[0.160s] Level 1:colcon.colcon_core.package_identification:_identify(/home/gib/Documents/Vives/project_xp/ros2thumper) by extension 'ignore'
[0.160s] Level 1:colcon.colcon_core.package_identification:_identify(/home/gib/Documents/Vives/project_xp/ros2thumper) by extension 'ignore_ament_install'
[0.160s] Level 1:colcon.colcon_core.package_identification:_identify(/home/gib/Documents/Vives/project_xp/ros2thumper) by extensions ['colcon_pkg']
[0.160s] Level 1:colcon.colcon_core.package_identification:_identify(/home/gib/Documents/Vives/project_xp/ros2thumper) by extension 'colcon_pkg'
[0.160s] Level 1:colcon.colcon_core.package_identification:_identify(/home/gib/Documents/Vives/project_xp/ros2thumper) by extensions ['colcon_meta']
[0.160s] Level 1:colcon.colcon_core.package_identification:_identify(/home/gib/Documents/Vives/project_xp/ros2thumper) by extension 'colcon_meta'
[0.160s] Level 1:colcon.colcon_core.package_identification:_identify(/home/gib/Documents/Vives/project_xp/ros2thumper) by extensions ['ros']
[0.160s] Level 1:colcon.colcon_core.package_identification:_identify(/home/gib/Documents/Vives/project_xp/ros2thumper) by extension 'ros'
[0.186s] Level 1:colcon.colcon_core.package_identification:_identify(/home/gib/Documents/Vives/project_xp/ros2thumper) by extensions ['cmake', 'python']
[0.187s] Level 1:colcon.colcon_core.package_identification:_identify(/home/gib/Documents/Vives/project_xp/ros2thumper) by extension 'cmake'
[0.187s] Level 1:colcon.colcon_core.package_identification:_identify(/home/gib/Documents/Vives/project_xp/ros2thumper) by extension 'python'
[0.187s] Level 1:colcon.colcon_core.package_identification:_identify(/home/gib/Documents/Vives/project_xp/ros2thumper) by extensions ['python_setup_py']
[0.187s] Level 1:colcon.colcon_core.package_identification:_identify(/home/gib/Documents/Vives/project_xp/ros2thumper) by extension 'python_setup_py'
[0.187s] Level 1:colcon.colcon_core.package_identification:_identify(/home/gib/Documents/Vives/project_xp/ros2thumper/3D-Tekeningen) by extensions ['ignore', 'ignore_ament_install']
[0.187s] Level 1:colcon.colcon_core.package_identification:_identify(/home/gib/Documents/Vives/project_xp/ros2thumper/3D-Tekeningen) by extension 'ignore'
[0.187s] Level 1:colcon.colcon_core.package_identification:_identify(/home/gib/Documents/Vives/project_xp/ros2thumper/3D-Tekeningen) by extension 'ignore_ament_install'
[0.187s] Level 1:colcon.colcon_core.package_identification:_identify(/home/gib/Documents/Vives/project_xp/ros2thumper/3D-Tekeningen) by extensions ['colcon_pkg']
[0.187s] Level 1:colcon.colcon_core.package_identification:_identify(/home/gib/Documents/Vives/project_xp/ros2thumper/3D-Tekeningen) by extension 'colcon_pkg'
[0.188s] Level 1:colcon.colcon_core.package_identification:_identify(/home/gib/Documents/Vives/project_xp/ros2thumper/3D-Tekeningen) by extensions ['colcon_meta']
[0.188s] Level 1:colcon.colcon_core.package_identification:_identify(/home/gib/Documents/Vives/project_xp/ros2thumper/3D-Tekeningen) by extension 'colcon_meta'
[0.188s] Level 1:colcon.colcon_core.package_identification:_identify(/home/gib/Documents/Vives/project_xp/ros2thumper/3D-Tekeningen) by extensions ['ros']
[0.188s] Level 1:colcon.colcon_core.package_identification:_identify(/home/gib/Documents/Vives/project_xp/ros2thumper/3D-Tekeningen) by extension 'ros'
[0.188s] Level 1:colcon.colcon_core.package_identification:_identify(/home/gib/Documents/Vives/project_xp/ros2thumper/3D-Tekeningen) by extensions ['cmake', 'python']
[0.188s] Level 1:colcon.colcon_core.package_identification:_identify(/home/gib/Documents/Vives/project_xp/ros2thumper/3D-Tekeningen) by extension 'cmake'
[0.188s] Level 1:colcon.colcon_core.package_identification:_identify(/home/gib/Documents/Vives/project_xp/ros2thumper/3D-Tekeningen) by extension 'python'
[0.188s] Level 1:colcon.colcon_core.package_identification:_identify(/home/gib/Documents/Vives/project_xp/ros2thumper/3D-Tekeningen) by extensions ['python_setup_py']
[0.188s] Level 1:colcon.colcon_core.package_identification:_identify(/home/gib/Documents/Vives/project_xp/ros2thumper/3D-Tekeningen) by extension 'python_setup_py'
[0.188s] Level 1:colcon.colcon_core.package_identification:_identify(/home/gib/Documents/Vives/project_xp/ros2thumper/camera) by extensions ['ignore', 'ignore_ament_install']
[0.189s] Level 1:colcon.colcon_core.package_identification:_identify(/home/gib/Documents/Vives/project_xp/ros2thumper/camera) by extension 'ignore'
[0.189s] Level 1:colcon.colcon_core.package_identification:_identify(/home/gib/Documents/Vives/project_xp/ros2thumper/camera) by extension 'ignore_ament_install'
[0.189s] Level 1:colcon.colcon_core.package_identification:_identify(/home/gib/Documents/Vives/project_xp/ros2thumper/camera) by extensions ['colcon_pkg']
[0.189s] Level 1:colcon.colcon_core.package_identification:_identify(/home/gib/Documents/Vives/project_xp/ros2thumper/camera) by extension 'colcon_pkg'
[0.189s] Level 1:colcon.colcon_core.package_identification:_identify(/home/gib/Documents/Vives/project_xp/ros2thumper/camera) by extensions ['colcon_meta']
[0.189s] Level 1:colcon.colcon_core.package_identification:_identify(/home/gib/Documents/Vives/project_xp/ros2thumper/camera) by extension 'colcon_meta'
[0.189s] Level 1:colcon.colcon_core.package_identification:_identify(/home/gib/Documents/Vives/project_xp/ros2thumper/camera) by extensions ['ros']
[0.189s] Level 1:colcon.colcon_core.package_identification:_identify(/home/gib/Documents/Vives/project_xp/ros2thumper/camera) by extension 'ros'
[0.189s] Level 1:colcon.colcon_core.package_identification:_identify(/home/gib/Documents/Vives/project_xp/ros2thumper/camera) by extensions ['cmake', 'python']
[0.189s] Level 1:colcon.colcon_core.package_identification:_identify(/home/gib/Documents/Vives/project_xp/ros2thumper/camera) by extension 'cmake'
[0.190s] Level 1:colcon.colcon_core.package_identification:_identify(/home/gib/Documents/Vives/project_xp/ros2thumper/camera) by extension 'python'
[0.190s] Level 1:colcon.colcon_core.package_identification:_identify(/home/gib/Documents/Vives/project_xp/ros2thumper/camera) by extensions ['python_setup_py']
[0.190s] Level 1:colcon.colcon_core.package_identification:_identify(/home/gib/Documents/Vives/project_xp/ros2thumper/camera) by extension 'python_setup_py'
[0.190s] Level 1:colcon.colcon_core.package_identification:_identify(/home/gib/Documents/Vives/project_xp/ros2thumper/camera/templates) by extensions ['ignore', 'ignore_ament_install']
[0.190s] Level 1:colcon.colcon_core.package_identification:_identify(/home/gib/Documents/Vives/project_xp/ros2thumper/camera/templates) by extension 'ignore'
[0.190s] Level 1:colcon.colcon_core.package_identification:_identify(/home/gib/Documents/Vives/project_xp/ros2thumper/camera/templates) by extension 'ignore_ament_install'
[0.190s] Level 1:colcon.colcon_core.package_identification:_identify(/home/gib/Documents/Vives/project_xp/ros2thumper/camera/templates) by extensions ['colcon_pkg']
[0.190s] Level 1:colcon.colcon_core.package_identification:_identify(/home/gib/Documents/Vives/project_xp/ros2thumper/camera/templates) by extension 'colcon_pkg'
[0.190s] Level 1:colcon.colcon_core.package_identification:_identify(/home/gib/Documents/Vives/project_xp/ros2thumper/camera/templates) by extensions ['colcon_meta']
[0.191s] Level 1:colcon.colcon_core.package_identification:_identify(/home/gib/Documents/Vives/project_xp/ros2thumper/camera/templates) by extension 'colcon_meta'
[0.191s] Level 1:colcon.colcon_core.package_identification:_identify(/home/gib/Documents/Vives/project_xp/ros2thumper/camera/templates) by extensions ['ros']
[0.191s] Level 1:colcon.colcon_core.package_identification:_identify(/home/gib/Documents/Vives/project_xp/ros2thumper/camera/templates) by extension 'ros'
[0.191s] Level 1:colcon.colcon_core.package_identification:_identify(/home/gib/Documents/Vives/project_xp/ros2thumper/camera/templates) by extensions ['cmake', 'python']
[0.191s] Level 1:colcon.colcon_core.package_identification:_identify(/home/gib/Documents/Vives/project_xp/ros2thumper/camera/templates) by extension 'cmake'
[0.191s] Level 1:colcon.colcon_core.package_identification:_identify(/home/gib/Documents/Vives/project_xp/ros2thumper/camera/templates) by extension 'python'
[0.191s] Level 1:colcon.colcon_core.package_identification:_identify(/home/gib/Documents/Vives/project_xp/ros2thumper/camera/templates) by extensions ['python_setup_py']
[0.191s] Level 1:colcon.colcon_core.package_identification:_identify(/home/gib/Documents/Vives/project_xp/ros2thumper/camera/templates) by extension 'python_setup_py'
[0.191s] Level 1:colcon.colcon_core.package_identification:_identify(/home/gib/Documents/Vives/project_xp/ros2thumper/img) by extensions ['ignore', 'ignore_ament_install']
[0.191s] Level 1:colcon.colcon_core.package_identification:_identify(/home/gib/Documents/Vives/project_xp/ros2thumper/img) by extension 'ignore'
[0.192s] Level 1:colcon.colcon_core.package_identification:_identify(/home/gib/Documents/Vives/project_xp/ros2thumper/img) by extension 'ignore_ament_install'
[0.192s] Level 1:colcon.colcon_core.package_identification:_identify(/home/gib/Documents/Vives/project_xp/ros2thumper/img) by extensions ['colcon_pkg']
[0.192s] Level 1:colcon.colcon_core.package_identification:_identify(/home/gib/Documents/Vives/project_xp/ros2thumper/img) by extension 'colcon_pkg'
[0.192s] Level 1:colcon.colcon_core.package_identification:_identify(/home/gib/Documents/Vives/project_xp/ros2thumper/img) by extensions ['colcon_meta']
[0.192s] Level 1:colcon.colcon_core.package_identification:_identify(/home/gib/Documents/Vives/project_xp/ros2thumper/img) by extension 'colcon_meta'
[0.192s] Level 1:colcon.colcon_core.package_identification:_identify(/home/gib/Documents/Vives/project_xp/ros2thumper/img) by extensions ['ros']
[0.192s] Level 1:colcon.colcon_core.package_identification:_identify(/home/gib/Documents/Vives/project_xp/ros2thumper/img) by extension 'ros'
[0.192s] Level 1:colcon.colcon_core.package_identification:_identify(/home/gib/Documents/Vives/project_xp/ros2thumper/img) by extensions ['cmake', 'python']
[0.192s] Level 1:colcon.colcon_core.package_identification:_identify(/home/gib/Documents/Vives/project_xp/ros2thumper/img) by extension 'cmake'
[0.192s] Level 1:colcon.colcon_core.package_identification:_identify(/home/gib/Documents/Vives/project_xp/ros2thumper/img) by extension 'python'
[0.192s] Level 1:colcon.colcon_core.package_identification:_identify(/home/gib/Documents/Vives/project_xp/ros2thumper/img) by extensions ['python_setup_py']
[0.192s] Level 1:colcon.colcon_core.package_identification:_identify(/home/gib/Documents/Vives/project_xp/ros2thumper/img) by extension 'python_setup_py'
[0.193s] Level 1:colcon.colcon_core.package_identification:_identify(/home/gib/Documents/Vives/project_xp/ros2thumper/log) by extensions ['ignore', 'ignore_ament_install']
[0.193s] Level 1:colcon.colcon_core.package_identification:_identify(/home/gib/Documents/Vives/project_xp/ros2thumper/log) by extension 'ignore'
[0.193s] Level 1:colcon.colcon_core.package_identification:_identify(/home/gib/Documents/Vives/project_xp/ros2thumper/log) ignored
[0.193s] Level 1:colcon.colcon_core.package_identification:_identify(/home/gib/Documents/Vives/project_xp/ros2thumper/src) by extensions ['ignore', 'ignore_ament_install']
[0.193s] Level 1:colcon.colcon_core.package_identification:_identify(/home/gib/Documents/Vives/project_xp/ros2thumper/src) by extension 'ignore'
[0.193s] Level 1:colcon.colcon_core.package_identification:_identify(/home/gib/Documents/Vives/project_xp/ros2thumper/src) by extension 'ignore_ament_install'
[0.193s] Level 1:colcon.colcon_core.package_identification:_identify(/home/gib/Documents/Vives/project_xp/ros2thumper/src) by extensions ['colcon_pkg']
[0.193s] Level 1:colcon.colcon_core.package_identification:_identify(/home/gib/Documents/Vives/project_xp/ros2thumper/src) by extension 'colcon_pkg'
[0.193s] Level 1:colcon.colcon_core.package_identification:_identify(/home/gib/Documents/Vives/project_xp/ros2thumper/src) by extensions ['colcon_meta']
[0.193s] Level 1:colcon.colcon_core.package_identification:_identify(/home/gib/Documents/Vives/project_xp/ros2thumper/src) by extension 'colcon_meta'
[0.194s] Level 1:colcon.colcon_core.package_identification:_identify(/home/gib/Documents/Vives/project_xp/ros2thumper/src) by extensions ['ros']
[0.194s] Level 1:colcon.colcon_core.package_identification:_identify(/home/gib/Documents/Vives/project_xp/ros2thumper/src) by extension 'ros'
[0.194s] Level 1:colcon.colcon_core.package_identification:_identify(/home/gib/Documents/Vives/project_xp/ros2thumper/src) by extensions ['cmake', 'python']
[0.194s] Level 1:colcon.colcon_core.package_identification:_identify(/home/gib/Documents/Vives/project_xp/ros2thumper/src) by extension 'cmake'
[0.194s] Level 1:colcon.colcon_core.package_identification:_identify(/home/gib/Documents/Vives/project_xp/ros2thumper/src) by extension 'python'
[0.194s] Level 1:colcon.colcon_core.package_identification:_identify(/home/gib/Documents/Vives/project_xp/ros2thumper/src) by extensions ['python_setup_py']
[0.194s] Level 1:colcon.colcon_core.package_identification:_identify(/home/gib/Documents/Vives/project_xp/ros2thumper/src) by extension 'python_setup_py'
[0.194s] Level 1:colcon.colcon_core.package_identification:_identify(/home/gib/Documents/Vives/project_xp/ros2thumper/src/thumper_drive) by extensions ['ignore', 'ignore_ament_install']
[0.194s] Level 1:colcon.colcon_core.package_identification:_identify(/home/gib/Documents/Vives/project_xp/ros2thumper/src/thumper_drive) by extension 'ignore'
[0.194s] Level 1:colcon.colcon_core.package_identification:_identify(/home/gib/Documents/Vives/project_xp/ros2thumper/src/thumper_drive) by extension 'ignore_ament_install'
[0.194s] Level 1:colcon.colcon_core.package_identification:_identify(/home/gib/Documents/Vives/project_xp/ros2thumper/src/thumper_drive) by extensions ['colcon_pkg']
[0.195s] Level 1:colcon.colcon_core.package_identification:_identify(/home/gib/Documents/Vives/project_xp/ros2thumper/src/thumper_drive) by extension 'colcon_pkg'
[0.195s] Level 1:colcon.colcon_core.package_identification:_identify(/home/gib/Documents/Vives/project_xp/ros2thumper/src/thumper_drive) by extensions ['colcon_meta']
[0.195s] Level 1:colcon.colcon_core.package_identification:_identify(/home/gib/Documents/Vives/project_xp/ros2thumper/src/thumper_drive) by extension 'colcon_meta'
[0.195s] Level 1:colcon.colcon_core.package_identification:_identify(/home/gib/Documents/Vives/project_xp/ros2thumper/src/thumper_drive) by extensions ['ros']
[0.195s] Level 1:colcon.colcon_core.package_identification:_identify(/home/gib/Documents/Vives/project_xp/ros2thumper/src/thumper_drive) by extension 'ros'
[0.198s] DEBUG:colcon.colcon_core.package_identification:Package '/home/gib/Documents/Vives/project_xp/ros2thumper/src/thumper_drive' with type 'ros.ament_cmake' and name 'thumper_drive'
[0.199s] Level 1:colcon.colcon_core.package_identification:_identify(/home/gib/Documents/Vives/project_xp/ros2thumper/src/trex_interfaces) by extensions ['ignore', 'ignore_ament_install']
[0.199s] Level 1:colcon.colcon_core.package_identification:_identify(/home/gib/Documents/Vives/project_xp/ros2thumper/src/trex_interfaces) by extension 'ignore'
[0.199s] Level 1:colcon.colcon_core.package_identification:_identify(/home/gib/Documents/Vives/project_xp/ros2thumper/src/trex_interfaces) by extension 'ignore_ament_install'
[0.199s] Level 1:colcon.colcon_core.package_identification:_identify(/home/gib/Documents/Vives/project_xp/ros2thumper/src/trex_interfaces) by extensions ['colcon_pkg']
[0.199s] Level 1:colcon.colcon_core.package_identification:_identify(/home/gib/Documents/Vives/project_xp/ros2thumper/src/trex_interfaces) by extension 'colcon_pkg'
[0.199s] Level 1:colcon.colcon_core.package_identification:_identify(/home/gib/Documents/Vives/project_xp/ros2thumper/src/trex_interfaces) by extensions ['colcon_meta']
[0.199s] Level 1:colcon.colcon_core.package_identification:_identify(/home/gib/Documents/Vives/project_xp/ros2thumper/src/trex_interfaces) by extension 'colcon_meta'
[0.199s] Level 1:colcon.colcon_core.package_identification:_identify(/home/gib/Documents/Vives/project_xp/ros2thumper/src/trex_interfaces) by extensions ['ros']
[0.199s] Level 1:colcon.colcon_core.package_identification:_identify(/home/gib/Documents/Vives/project_xp/ros2thumper/src/trex_interfaces) by extension 'ros'
[0.200s] DEBUG:colcon.colcon_core.package_identification:Package '/home/gib/Documents/Vives/project_xp/ros2thumper/src/trex_interfaces' with type 'ros.ament_cmake' and name 'trex_interfaces'
[0.200s] Level 1:colcon.colcon_core.package_identification:_identify(/home/gib/Documents/Vives/project_xp/ros2thumper/src/trex_motor_controller) by extensions ['ignore', 'ignore_ament_install']
[0.201s] Level 1:colcon.colcon_core.package_identification:_identify(/home/gib/Documents/Vives/project_xp/ros2thumper/src/trex_motor_controller) by extension 'ignore'
[0.201s] Level 1:colcon.colcon_core.package_identification:_identify(/home/gib/Documents/Vives/project_xp/ros2thumper/src/trex_motor_controller) by extension 'ignore_ament_install'
[0.201s] Level 1:colcon.colcon_core.package_identification:_identify(/home/gib/Documents/Vives/project_xp/ros2thumper/src/trex_motor_controller) by extensions ['colcon_pkg']
[0.201s] Level 1:colcon.colcon_core.package_identification:_identify(/home/gib/Documents/Vives/project_xp/ros2thumper/src/trex_motor_controller) by extension 'colcon_pkg'
[0.201s] Level 1:colcon.colcon_core.package_identification:_identify(/home/gib/Documents/Vives/project_xp/ros2thumper/src/trex_motor_controller) by extensions ['colcon_meta']
[0.201s] Level 1:colcon.colcon_core.package_identification:_identify(/home/gib/Documents/Vives/project_xp/ros2thumper/src/trex_motor_controller) by extension 'colcon_meta'
[0.201s] Level 1:colcon.colcon_core.package_identification:_identify(/home/gib/Documents/Vives/project_xp/ros2thumper/src/trex_motor_controller) by extensions ['ros']
[0.201s] Level 1:colcon.colcon_core.package_identification:_identify(/home/gib/Documents/Vives/project_xp/ros2thumper/src/trex_motor_controller) by extension 'ros'
[0.202s] DEBUG:colcon.colcon_core.package_identification:Package '/home/gib/Documents/Vives/project_xp/ros2thumper/src/trex_motor_controller' with type 'ros.ament_cmake' and name 'trex_motor_controller'
[0.202s] Level 1:colcon.colcon_core.package_discovery:discover_packages(recursive) using defaults
